<?xml version="1.0" encoding="UTF-8"?>
<!-- Generated by org.testng.reporters.JUnitReportReporter -->
<testsuite hostname="DESKTOP-MM0A1QU" name="com.demo.kehu.KuTest" tests="2" failures="0" timestamp="1 Dec 2017 03:13:33 GMT" time="26.983" errors="0">
  <testcase name="test43" time="23.275" classname="com.demo.kehu.KuTest"/>
  <testcase name="test44" time="3.708" classname="com.demo.kehu.KuTest"/>
</testsuite> <!-- com.demo.kehu.KuTest -->
