<?xml version="1.0" encoding="UTF-8"?>
<!-- Generated by org.testng.reporters.JUnitReportReporter -->
<testsuite hostname="DESKTOP-MM0A1QU" name="com.demo.Three.DataDriver" tests="1" failures="0" timestamp="5 Dec 2017 06:24:35 GMT" time="0.000" errors="0">
  <testcase name="test1" time="0.000" classname="com.demo.Three.DataDriver"/>
</testsuite> <!-- com.demo.Three.DataDriver -->
