<?xml version="1.0" encoding="UTF-8"?>
<!-- Generated by org.testng.reporters.JUnitReportReporter -->
<testsuite hostname="DESKTOP-MM0A1QU" name="com.demo.PDirectory.Newadd" tests="3" failures="0" timestamp="30 Nov 2017 07:56:14 GMT" time="49.993" errors="0">
  <testcase name="test33" time="3.298" classname="com.demo.PDirectory.Newadd"/>
  <testcase name="test15" time="22.860" classname="com.demo.PDirectory.Newadd"/>
  <testcase name="test32" time="23.835" classname="com.demo.PDirectory.Newadd"/>
</testsuite> <!-- com.demo.PDirectory.Newadd -->
