<?xml version="1.0" encoding="UTF-8"?>
<!-- Generated by org.testng.reporters.JUnitReportReporter -->
<testsuite hostname="DESKTOP-MM0A1QU" name="com.background.test.MovieaddTest" tests="1" failures="0" timestamp="3 Nov 2017 01:23:32 GMT" time="0.281" errors="0">
  <testcase name="test" time="0.281" classname="com.background.test.MovieaddTest"/>
</testsuite> <!-- com.background.test.MovieaddTest -->
