<?xml version="1.0" encoding="UTF-8"?>
<!-- Generated by org.testng.reporters.JUnitReportReporter -->
<testsuite hostname="DESKTOP-MM0A1QU" name="com.demo.Three.KhzhuyeTest" tests="4" failures="0" timestamp="8 Dec 2017 03:03:02 GMT" time="90.034" errors="0">
  <testcase name="test37" time="22.377" classname="com.demo.Three.KhzhuyeTest"/>
  <testcase name="test35" time="22.338" classname="com.demo.Three.KhzhuyeTest"/>
  <testcase name="test34" time="22.989" classname="com.demo.Three.KhzhuyeTest"/>
  <testcase name="test36" time="22.330" classname="com.demo.Three.KhzhuyeTest"/>
</testsuite> <!-- com.demo.Three.KhzhuyeTest -->
