<?xml version="1.0" encoding="UTF-8"?>
<!-- Generated by org.testng.reporters.JUnitReportReporter -->
<testsuite hostname="DESKTOP-MM0A1QU" name="com.demo.Two.TellNewaddTest" tests="5" failures="0" timestamp="8 Dec 2017 03:03:02 GMT" time="45.582" errors="0">
  <testcase name="test8" time="3.675" classname="com.demo.Two.TellNewaddTest"/>
  <testcase name="test7" time="24.971" classname="com.demo.Two.TellNewaddTest"/>
  <testcase name="test11" time="3.342" classname="com.demo.Two.TellNewaddTest"/>
  <testcase name="test10" time="3.618" classname="com.demo.Two.TellNewaddTest"/>
  <testcase name="test9" time="9.976" classname="com.demo.Two.TellNewaddTest"/>
</testsuite> <!-- com.demo.Two.TellNewaddTest -->
