<?xml version="1.0" encoding="UTF-8"?>
<!-- Generated by org.testng.reporters.JUnitReportReporter -->
<testsuite hostname="DESKTOP-MM0A1QU" name="com.demo.One.RibaoTest" tests="2" failures="0" timestamp="8 Dec 2017 03:03:02 GMT" time="26.774" errors="0">
  <testcase name="test44" time="3.652" classname="com.demo.One.RibaoTest"/>
  <testcase name="test43" time="23.122" classname="com.demo.One.RibaoTest"/>
</testsuite> <!-- com.demo.One.RibaoTest -->
