<?xml version="1.0" encoding="UTF-8"?>
<!-- Generated by org.testng.reporters.JUnitReportReporter -->
<testsuite hostname="DESKTOP-MM0A1QU" name="com.demo.Three.ObjectPageTest" tests="2" failures="0" timestamp="8 Dec 2017 03:13:48 GMT" time="5.466" errors="0">
  <testcase name="test1" time="2.864" classname="com.demo.Three.ObjectPageTest"/>
  <testcase name="test" time="2.602" classname="com.demo.Three.ObjectPageTest"/>
</testsuite> <!-- com.demo.Three.ObjectPageTest -->
