<?xml version="1.0" encoding="UTF-8"?>
<!-- Generated by org.testng.reporters.JUnitReportReporter -->
<testsuite hostname="DESKTOP-MM0A1QU" name="com.demo.Three.DataProviderTest" tests="5" failures="0" timestamp="8 Dec 2017 03:03:02 GMT" time="196.129" errors="0">
  <testcase name="test45" time="39.383" classname="com.demo.Three.DataProviderTest"/>
  <testcase name="test45" time="39.670" classname="com.demo.Three.DataProviderTest"/>
  <testcase name="test45" time="39.033" classname="com.demo.Three.DataProviderTest"/>
  <testcase name="test45" time="38.940" classname="com.demo.Three.DataProviderTest"/>
  <testcase name="test45" time="39.103" classname="com.demo.Three.DataProviderTest"/>
</testsuite> <!-- com.demo.Three.DataProviderTest -->
