<?xml version="1.0" encoding="UTF-8"?>
<!-- Generated by org.testng.reporters.JUnitReportReporter -->
<testsuite hostname="DESKTOP-MM0A1QU" name="com.demo.Three.MineKhTest" tests="5" failures="0" timestamp="8 Dec 2017 03:03:02 GMT" time="36.023" errors="0">
  <testcase name="test40" time="3.275" classname="com.demo.Three.MineKhTest"/>
  <testcase name="test42" time="3.278" classname="com.demo.Three.MineKhTest"/>
  <testcase name="test41" time="3.303" classname="com.demo.Three.MineKhTest"/>
  <testcase name="test38" time="22.846" classname="com.demo.Three.MineKhTest"/>
  <testcase name="test39" time="3.321" classname="com.demo.Three.MineKhTest"/>
</testsuite> <!-- com.demo.Three.MineKhTest -->
