<?xml version="1.0" encoding="UTF-8"?>
<!-- Generated by org.testng.reporters.JUnitReportReporter -->
<testsuite hostname="DESKTOP-MM0A1QU" name="com.demo.Two.TellzhuyeTest" tests="3" failures="0" timestamp="8 Dec 2017 03:03:02 GMT" time="64.757" errors="0">
  <testcase name="test13" time="21.436" classname="com.demo.Two.TellzhuyeTest"/>
  <testcase name="test12" time="21.901" classname="com.demo.Two.TellzhuyeTest"/>
  <testcase name="test14" time="21.420" classname="com.demo.Two.TellzhuyeTest"/>
</testsuite> <!-- com.demo.Two.TellzhuyeTest -->
