<?xml version="1.0" encoding="UTF-8"?>
<!-- Generated by org.testng.reporters.JUnitReportReporter -->
<testsuite hostname="DESKTOP-MM0A1QU" name="com.demo.Three.KuTest" tests="1" failures="0" timestamp="6 Dec 2017 00:13:26 GMT" time="15.133" errors="0">
  <testcase name="test50" time="15.133" classname="com.demo.Three.KuTest"/>
</testsuite> <!-- com.demo.Three.KuTest -->
