<?xml version="1.0" encoding="UTF-8"?>
<!-- Generated by org.testng.reporters.JUnitReportReporter -->
<testsuite hostname="DESKTOP-MM0A1QU" name="com.demo.loginTest.LoginTest" tests="1" failures="0" timestamp="23 Nov 2017 08:10:51 GMT" time="9.985" errors="0">
  <testcase name="test1" time="9.985" classname="com.demo.loginTest.LoginTest"/>
</testsuite> <!-- com.demo.loginTest.LoginTest -->
